Build started 7/19/2012 1:03:35 AM.
     1>Project "F:\Dropbox\_Skole_UiA\git\DAT220\DAT220_Calc\DAT220_Calc\DAT220_Calc.vcxproj" on node 2 (build target(s)).
     1>InitializeBuildStatus:
         Creating "Debug\DAT220_Calc.unsuccessfulbuild" because "AlwaysCreate" was specified.
       ClCompile:
         All outputs are up-to-date.
         H:\Program Files (x86)\Microsoft Visual Studio 10.0\VC\bin\CL.exe /c /ZI /nologo /W3 /WX- /Od /Oy- /D WIN32 /D _DEBUG /D _CONSOLE /D _UNICODE /D UNICODE /Gm /EHsc /RTC1 /MDd /GS /fp:precise /Zc:wchar_t /Zc:forScope /Yu"StdAfx.h" /Fp"Debug\DAT220_Calc.pch" /Fo"Debug\\" /Fd"Debug\vc100.pdb" /Gd /TP /analyze- /errorReport:prompt DAT220_Calc.cpp
         DAT220_Calc.cpp
       ManifestResourceCompile:
         All outputs are up-to-date.
       Link:
         H:\Program Files (x86)\Microsoft Visual Studio 10.0\VC\bin\link.exe /ERRORREPORT:PROMPT /OUT:"F:\Dropbox\_Skole_UiA\git\DAT220\DAT220_Calc\Debug\DAT220_Calc.exe" /INCREMENTAL /NOLOGO kernel32.lib user32.lib gdi32.lib winspool.lib comdlg32.lib advapi32.lib shell32.lib ole32.lib oleaut32.lib uuid.lib odbc32.lib odbccp32.lib /MANIFEST /ManifestFile:"Debug\DAT220_Calc.exe.intermediate.manifest" /MANIFESTUAC:"level='asInvoker' uiAccess='false'" /DEBUG /PDB:"F:\Dropbox\_Skole_UiA\git\DAT220\DAT220_Calc\Debug\DAT220_Calc.pdb" /SUBSYSTEM:CONSOLE /TLBID:1 /DYNAMICBASE /NXCOMPAT /IMPLIB:"F:\Dropbox\_Skole_UiA\git\DAT220\DAT220_Calc\Debug\DAT220_Calc.lib" /MACHINE:X86 Debug\DAT220_Calc.exe.embed.manifest.res
         Debug\DAT220_Calc.obj
         Debug\stdafx.obj
       Manifest:
         H:\Program Files (x86)\Microsoft SDKs\Windows\v7.0A\bin\mt.exe /nologo /verbose /out:"Debug\DAT220_Calc.exe.embed.manifest" /manifest Debug\DAT220_Calc.exe.intermediate.manifest
         All outputs are up-to-date.
       LinkEmbedManifest:
         All outputs are up-to-date.
         DAT220_Calc.vcxproj -> F:\Dropbox\_Skole_UiA\git\DAT220\DAT220_Calc\Debug\DAT220_Calc.exe
       FinalizeBuildStatus:
         Deleting file "Debug\DAT220_Calc.unsuccessfulbuild".
         Touching "Debug\DAT220_Calc.lastbuildstate".
     1>Done Building Project "F:\Dropbox\_Skole_UiA\git\DAT220\DAT220_Calc\DAT220_Calc\DAT220_Calc.vcxproj" (build target(s)).

Build succeeded.

Time Elapsed 00:00:00.56
